2025-04-30 22:18:00.248  WARN 28548 --- [http-nio-7777-exec-10] com.hgd.aspect.LogAspect                 : hotArticleList执行参数：[]
2025-04-30 22:18:00.248  WARN 28548 --- [http-nio-7777-exec-9] com.hgd.aspect.LogAspect                 : getCategoryList执行参数：[]
2025-04-30 22:18:00.254  WARN 28548 --- [http-nio-7777-exec-4] com.hgd.aspect.LogAspect                 : articleList执行参数：[0, 1, 10]
2025-04-30 22:18:00.301  WARN 28548 --- [http-nio-7777-exec-9] com.hgd.aspect.LogAspect                 : getCategoryList返回值：{"code":200,"data":[{"id":"1","name":"java"},{"id":"2","name":"C++"},{"id":"3","name":"go"}],"msg":"操作成功"}
2025-04-30 22:18:00.303  WARN 28548 --- [http-nio-7777-exec-10] com.hgd.aspect.LogAspect                 : hotArticleList返回值：{"code":200,"data":[{"id":"2","title":"JavaWeb之过滤器Filter","viewCount":"1155"},{"id":"1","title":"SpringBoot框架精讲1","viewCount":"439"},{"id":"14","title":"SpringBoot框架精讲测试修改","viewCount":"439"},{"id":"3","title":"C++起源","viewCount":"122"},{"id":"4","title":"Go语言超全详解","viewCount":"12"}],"msg":"操作成功"}
2025-04-30 22:18:00.410  WARN 28548 --- [http-nio-7777-exec-4] com.hgd.aspect.LogAspect                 : articleList返回值：{"code":200,"data":{"total":"7","rows":[{"categoryId":"1","categoryName":"java","createTime":1685604841000,"id":"1","summary":"springboot是spring家族中的一个全新框架","thumbnail":"https://img2.baidu.com/it/u=389128121,3560765504&fm=253&fmt=auto&app=120&f=JPEG?w=1422&h=800","title":"SpringBoot框架精讲1","viewCount":"439"},{"categoryId":"1","categoryName":"java","createTime":1686728046000,"id":"2","summary":"Filter是JavaWeb三大组件之一","thumbnail":"https://img2.baidu.com/it/u=389128121,3560765504&fm=253&fmt=auto&app=120&f=JPEG?w=1422&h=800","title":"JavaWeb之过滤器Filter","viewCount":"1155"},{"categoryId":"2","categoryName":"C++","createTime":1685604849000,"id":"3","summary":"贝尔实验室20世纪80年代(1979)","thumbnail":"https://img2.baidu.com/it/u=389128121,3560765504&fm=253&fmt=auto&app=120&f=JPEG?w=1422&h=800","title":"C++起源","viewCount":"122"},{"categoryId":"1","categoryName":"java","createTime":1722605425000,"id":"14","summary":"springboot是spring家族中的一个全新框架","thumbnail":"https://img2.baidu.com/it/u=389128121,3560765504&fm=253&fmt=auto&app=120&f=JPEG?w=1422&h=800","title":"SpringBoot框架精讲测试修改","viewCount":"439"},{"categoryId":"3","categoryName":"go","createTime":1687937652000,"id":"4","summary":"在具体学习go语言的基础语法之前，我们来了解一下go语言出现的时机及其特点。","thumbnail":"https://img2.baidu.com/it/u=389128121,3560765504&fm=253&fmt=auto&app=120&f=JPEG?w=1422&h=800","title":"Go语言超全详解","viewCount":"12"},{"categoryId":"2","categoryName":"C++","createTime":1687113706000,"id":"8","summary":"6月17日是世界防治荒漠化和干旱日。习近平总书记不久前在内蒙古自治区巴彦淖尔市考察","thumbnail":"https://img2.baidu.com/it/u=389128121,3560765504&fm=253&fmt=auto&app=120&f=JPEG?w=1422&h=800","title":"焦点访谈丨根植沙海的绿色梦","viewCount":"0"},{"categoryId":"3","categoryName":"go","createTime":1722600908000,"id":"12","summary":"啊啊啊啊啊啊","thumbnail":"http://shhofr2a9.hn-bkt.clouddn.com/bd30a888-3fca-4df4-a7ff-4177e723e547","title":"测试","viewCount":"3"}]},"msg":"操作成功"}
2025-04-30 22:18:02.314  WARN 28548 --- [http-nio-7777-exec-7] com.hgd.aspect.LogAspect                 : getCategoryList执行参数：[]
2025-04-30 22:18:02.314  WARN 28548 --- [http-nio-7777-exec-5] com.hgd.aspect.LogAspect                 : hotArticleList执行参数：[]
2025-04-30 22:18:02.319  WARN 28548 --- [http-nio-7777-exec-6] com.hgd.aspect.LogAspect                 : articleList执行参数：[1, 1, 10]
2025-04-30 22:18:02.325  WARN 28548 --- [http-nio-7777-exec-5] com.hgd.aspect.LogAspect                 : hotArticleList返回值：{"code":200,"data":[{"id":"2","title":"JavaWeb之过滤器Filter","viewCount":"1155"},{"id":"1","title":"SpringBoot框架精讲1","viewCount":"439"},{"id":"14","title":"SpringBoot框架精讲测试修改","viewCount":"439"},{"id":"3","title":"C++起源","viewCount":"122"},{"id":"4","title":"Go语言超全详解","viewCount":"12"}],"msg":"操作成功"}
2025-04-30 22:18:02.331  WARN 28548 --- [http-nio-7777-exec-7] com.hgd.aspect.LogAspect                 : getCategoryList返回值：{"code":200,"data":[{"id":"1","name":"java"},{"id":"2","name":"C++"},{"id":"3","name":"go"}],"msg":"操作成功"}
2025-04-30 22:18:02.341  WARN 28548 --- [http-nio-7777-exec-6] com.hgd.aspect.LogAspect                 : articleList返回值：{"code":200,"data":{"total":3,"rows":[{"categoryId":"1","categoryName":"java","createTime":1685604841000,"id":"1","summary":"springboot是spring家族中的一个全新框架","thumbnail":"https://img2.baidu.com/it/u=389128121,3560765504&fm=253&fmt=auto&app=120&f=JPEG?w=1422&h=800","title":"SpringBoot框架精讲1","viewCount":"439"},{"categoryId":"1","categoryName":"java","createTime":1686728046000,"id":"2","summary":"Filter是JavaWeb三大组件之一","thumbnail":"https://img2.baidu.com/it/u=389128121,3560765504&fm=253&fmt=auto&app=120&f=JPEG?w=1422&h=800","title":"JavaWeb之过滤器Filter","viewCount":"1155"},{"categoryId":"1","categoryName":"java","createTime":1722605425000,"id":"14","summary":"springboot是spring家族中的一个全新框架","thumbnail":"https://img2.baidu.com/it/u=389128121,3560765504&fm=253&fmt=auto&app=120&f=JPEG?w=1422&h=800","title":"SpringBoot框架精讲测试修改","viewCount":"439"}]},"msg":"操作成功"}
2025-04-30 22:18:04.934  WARN 28548 --- [http-nio-7777-exec-9] com.hgd.aspect.LogAspect                 : hotArticleList执行参数：[]
2025-04-30 22:18:04.934  WARN 28548 --- [http-nio-7777-exec-10] com.hgd.aspect.LogAspect                 : getCategoryList执行参数：[]
2025-04-30 22:18:04.939  WARN 28548 --- [http-nio-7777-exec-5] com.hgd.aspect.LogAspect                 : commentList执行参数：[2, 1, 10]
2025-04-30 22:18:04.939  WARN 28548 --- [http-nio-7777-exec-9] com.hgd.aspect.LogAspect                 : hotArticleList返回值：{"code":200,"data":[{"id":"2","title":"JavaWeb之过滤器Filter","viewCount":"1155"},{"id":"1","title":"SpringBoot框架精讲1","viewCount":"439"},{"id":"14","title":"SpringBoot框架精讲测试修改","viewCount":"439"},{"id":"3","title":"C++起源","viewCount":"122"},{"id":"4","title":"Go语言超全详解","viewCount":"12"}],"msg":"操作成功"}
2025-04-30 22:18:04.940  WARN 28548 --- [http-nio-7777-exec-8] com.hgd.aspect.LogAspect                 : articleById执行参数：[2]
2025-04-30 22:18:04.940  WARN 28548 --- [http-nio-7777-exec-4] com.hgd.aspect.LogAspect                 : updateViewCount执行参数：[2]
2025-04-30 22:18:04.945  WARN 28548 --- [http-nio-7777-exec-4] com.hgd.aspect.LogAspect                 : updateViewCount返回值：{"code":200,"msg":"操作成功"}
2025-04-30 22:18:04.945  WARN 28548 --- [http-nio-7777-exec-10] com.hgd.aspect.LogAspect                 : getCategoryList返回值：{"code":200,"data":[{"id":"1","name":"java"},{"id":"2","name":"C++"},{"id":"3","name":"go"}],"msg":"操作成功"}
2025-04-30 22:18:04.961  WARN 28548 --- [http-nio-7777-exec-5] com.hgd.aspect.LogAspect                 : commentList返回值：{"code":200,"data":{"rows":[],"total":"0"},"msg":"操作成功"}
2025-04-30 22:18:04.962  WARN 28548 --- [http-nio-7777-exec-8] com.hgd.aspect.LogAspect                 : articleById返回值：{"code":200,"data":{"categoryId":"1","categoryName":"java","content":"web应用启动时，web服务器将创建Filter的实例对象，并调用init方法，读取web.xml的配置，完成对象的初始化功能，\n       * 从而为后续的用户请求做好拦截的准备工作（filter对象只会创建一次，init方法也只会执行一次，开发人员通过init的参数，\n       * 可或得代表当前filter配置信息的FilterConfig对象","createTime":1686728046000,"id":"2","isComment":"1","isTop":"1","title":"JavaWeb之过滤器Filter","viewCount":"1156"},"msg":"操作成功"}
2025-04-30 22:19:46.522  WARN 28548 --- [http-nio-7777-exec-4] com.hgd.aspect.LogAspect                 : register执行参数：[SysUser(id=null, userName=song, nickName=sb, password=000000, type=null, status=null, email=222222222@qq.com, phonenumber=null, sex=null, avatar=null, createBy=null, createTime=null, updateBy=null, updateTime=null, delFlag=null)]
2025-04-30 22:19:46.642  WARN 28548 --- [http-nio-7777-exec-4] com.hgd.aspect.LogAspect                 : register返回值：{"code":200,"msg":"操作成功"}
2025-04-30 22:20:00.038 ERROR 28548 --- [scheduling-1] o.s.s.s.TaskUtils$LoggingErrorHandler    : Unexpected error occurred in scheduled task

org.mybatis.spring.MyBatisSystemException: nested exception is org.apache.ibatis.reflection.ReflectionException: Could not set property 'updateBy' of 'class com.hgd.pojo.Article' with value '-1' Cause: java.lang.IllegalArgumentException: argument type mismatch
	at org.mybatis.spring.MyBatisExceptionTranslator.translateExceptionIfPossible(MyBatisExceptionTranslator.java:96) ~[mybatis-spring-2.0.6.jar:2.0.6]
	at com.baomidou.mybatisplus.extension.toolkit.SqlHelper.executeBatch(SqlHelper.java:179) ~[mybatis-plus-extension-3.4.3.jar:3.4.3]
	at com.baomidou.mybatisplus.extension.toolkit.SqlHelper.executeBatch(SqlHelper.java:204) ~[mybatis-plus-extension-3.4.3.jar:3.4.3]
	at com.baomidou.mybatisplus.extension.service.impl.ServiceImpl.executeBatch(ServiceImpl.java:248) ~[mybatis-plus-extension-3.4.3.jar:3.4.3]
	at com.baomidou.mybatisplus.extension.service.impl.ServiceImpl.updateBatchById(ServiceImpl.java:200) ~[mybatis-plus-extension-3.4.3.jar:3.4.3]
	at com.baomidou.mybatisplus.extension.service.IService.updateBatchById(IService.java:177) ~[mybatis-plus-extension-3.4.3.jar:3.4.3]
	at com.baomidou.mybatisplus.extension.service.IService$$FastClassBySpringCGLIB$$f8525d18.invoke(<generated>) ~[mybatis-plus-extension-3.4.3.jar:3.4.3]
	at org.springframework.cglib.proxy.MethodProxy.invoke(MethodProxy.java:218) ~[spring-core-5.2.9.RELEASE.jar:5.2.9.RELEASE]
	at org.springframework.aop.framework.CglibAopProxy$CglibMethodInvocation.invokeJoinpoint(CglibAopProxy.java:771) ~[spring-aop-5.2.9.RELEASE.jar:5.2.9.RELEASE]
	at org.springframework.aop.framework.ReflectiveMethodInvocation.proceed(ReflectiveMethodInvocation.java:163) ~[spring-aop-5.2.9.RELEASE.jar:5.2.9.RELEASE]
	at org.springframework.aop.framework.CglibAopProxy$CglibMethodInvocation.proceed(CglibAopProxy.java:749) ~[spring-aop-5.2.9.RELEASE.jar:5.2.9.RELEASE]
	at org.springframework.transaction.interceptor.TransactionAspectSupport.invokeWithinTransaction(TransactionAspectSupport.java:367) ~[spring-tx-5.2.9.RELEASE.jar:5.2.9.RELEASE]
	at org.springframework.transaction.interceptor.TransactionInterceptor.invoke(TransactionInterceptor.java:118) ~[spring-tx-5.2.9.RELEASE.jar:5.2.9.RELEASE]
	at org.springframework.aop.framework.ReflectiveMethodInvocation.proceed(ReflectiveMethodInvocation.java:186) ~[spring-aop-5.2.9.RELEASE.jar:5.2.9.RELEASE]
	at org.springframework.aop.framework.CglibAopProxy$CglibMethodInvocation.proceed(CglibAopProxy.java:749) ~[spring-aop-5.2.9.RELEASE.jar:5.2.9.RELEASE]
	at org.springframework.aop.interceptor.ExposeInvocationInterceptor.invoke(ExposeInvocationInterceptor.java:95) ~[spring-aop-5.2.9.RELEASE.jar:5.2.9.RELEASE]
	at org.springframework.aop.framework.ReflectiveMethodInvocation.proceed(ReflectiveMethodInvocation.java:186) ~[spring-aop-5.2.9.RELEASE.jar:5.2.9.RELEASE]
	at org.springframework.aop.framework.CglibAopProxy$CglibMethodInvocation.proceed(CglibAopProxy.java:749) ~[spring-aop-5.2.9.RELEASE.jar:5.2.9.RELEASE]
	at org.springframework.aop.framework.CglibAopProxy$DynamicAdvisedInterceptor.intercept(CglibAopProxy.java:691) ~[spring-aop-5.2.9.RELEASE.jar:5.2.9.RELEASE]
	at com.hgd.service.impl.ArticleServiceImpl$$EnhancerBySpringCGLIB$$57b22ae3.updateBatchById(<generated>) ~[classes/:na]
	at com.hgd.cron.ViewCountUpCron.viewCountUp(ViewCountUpCron.java:35) ~[classes/:na]
	at sun.reflect.NativeMethodAccessorImpl.invoke0(Native Method) ~[na:1.8.0_91]
	at sun.reflect.NativeMethodAccessorImpl.invoke(NativeMethodAccessorImpl.java:62) ~[na:1.8.0_91]
	at sun.reflect.DelegatingMethodAccessorImpl.invoke(DelegatingMethodAccessorImpl.java:43) ~[na:1.8.0_91]
	at java.lang.reflect.Method.invoke(Method.java:498) ~[na:1.8.0_91]
	at org.springframework.scheduling.support.ScheduledMethodRunnable.run(ScheduledMethodRunnable.java:84) ~[spring-context-5.2.9.RELEASE.jar:5.2.9.RELEASE]
	at org.springframework.scheduling.support.DelegatingErrorHandlingRunnable.run(DelegatingErrorHandlingRunnable.java:54) ~[spring-context-5.2.9.RELEASE.jar:5.2.9.RELEASE]
	at org.springframework.scheduling.concurrent.ReschedulingRunnable.run(ReschedulingRunnable.java:93) [spring-context-5.2.9.RELEASE.jar:5.2.9.RELEASE]
	at java.util.concurrent.Executors$RunnableAdapter.call(Executors.java:511) [na:1.8.0_91]
	at java.util.concurrent.FutureTask.run(FutureTask.java:266) [na:1.8.0_91]
	at java.util.concurrent.ScheduledThreadPoolExecutor$ScheduledFutureTask.access$201(ScheduledThreadPoolExecutor.java:180) [na:1.8.0_91]
	at java.util.concurrent.ScheduledThreadPoolExecutor$ScheduledFutureTask.run(ScheduledThreadPoolExecutor.java:293) [na:1.8.0_91]
	at java.util.concurrent.ThreadPoolExecutor.runWorker(ThreadPoolExecutor.java:1142) [na:1.8.0_91]
	at java.util.concurrent.ThreadPoolExecutor$Worker.run(ThreadPoolExecutor.java:617) [na:1.8.0_91]
	at java.lang.Thread.run(Thread.java:745) [na:1.8.0_91]
Caused by: org.apache.ibatis.reflection.ReflectionException: Could not set property 'updateBy' of 'class com.hgd.pojo.Article' with value '-1' Cause: java.lang.IllegalArgumentException: argument type mismatch
	at org.apache.ibatis.reflection.wrapper.BeanWrapper.setBeanProperty(BeanWrapper.java:185) ~[mybatis-3.5.7.jar:3.5.7]
	at org.apache.ibatis.reflection.wrapper.BeanWrapper.set(BeanWrapper.java:59) ~[mybatis-3.5.7.jar:3.5.7]
	at org.apache.ibatis.reflection.MetaObject.setValue(MetaObject.java:140) ~[mybatis-3.5.7.jar:3.5.7]
	at com.hgd.handler.AutoDataHandler.updateFill(AutoDataHandler.java:33) ~[classes/:na]
	at com.baomidou.mybatisplus.core.MybatisParameterHandler.lambda$updateFill$1(MybatisParameterHandler.java:154) ~[mybatis-plus-core-3.4.3.jar:3.4.3]
	at java.util.Optional.ifPresent(Optional.java:159) ~[na:1.8.0_91]
	at com.baomidou.mybatisplus.core.MybatisParameterHandler.updateFill(MybatisParameterHandler.java:152) ~[mybatis-plus-core-3.4.3.jar:3.4.3]
	at com.baomidou.mybatisplus.core.MybatisParameterHandler.process(MybatisParameterHandler.java:115) ~[mybatis-plus-core-3.4.3.jar:3.4.3]
	at com.baomidou.mybatisplus.core.MybatisParameterHandler.processParameter(MybatisParameterHandler.java:81) ~[mybatis-plus-core-3.4.3.jar:3.4.3]
	at com.baomidou.mybatisplus.core.MybatisParameterHandler.<init>(MybatisParameterHandler.java:64) ~[mybatis-plus-core-3.4.3.jar:3.4.3]
	at com.baomidou.mybatisplus.core.MybatisXMLLanguageDriver.createParameterHandler(MybatisXMLLanguageDriver.java:45) ~[mybatis-plus-core-3.4.3.jar:3.4.3]
	at org.apache.ibatis.session.Configuration.newParameterHandler(Configuration.java:645) ~[mybatis-3.5.7.jar:3.5.7]
	at org.apache.ibatis.executor.statement.BaseStatementHandler.<init>(BaseStatementHandler.java:69) ~[mybatis-3.5.7.jar:3.5.7]
	at org.apache.ibatis.executor.statement.PreparedStatementHandler.<init>(PreparedStatementHandler.java:41) ~[mybatis-3.5.7.jar:3.5.7]
	at org.apache.ibatis.executor.statement.RoutingStatementHandler.<init>(RoutingStatementHandler.java:46) ~[mybatis-3.5.7.jar:3.5.7]
	at org.apache.ibatis.session.Configuration.newStatementHandler(Configuration.java:658) ~[mybatis-3.5.7.jar:3.5.7]
	at org.apache.ibatis.executor.BatchExecutor.doUpdate(BatchExecutor.java:57) ~[mybatis-3.5.7.jar:3.5.7]
	at org.apache.ibatis.executor.BaseExecutor.update(BaseExecutor.java:117) ~[mybatis-3.5.7.jar:3.5.7]
	at org.apache.ibatis.executor.CachingExecutor.update(CachingExecutor.java:76) ~[mybatis-3.5.7.jar:3.5.7]
	at sun.reflect.NativeMethodAccessorImpl.invoke0(Native Method) ~[na:1.8.0_91]
	at sun.reflect.NativeMethodAccessorImpl.invoke(NativeMethodAccessorImpl.java:62) ~[na:1.8.0_91]
	at sun.reflect.DelegatingMethodAccessorImpl.invoke(DelegatingMethodAccessorImpl.java:43) ~[na:1.8.0_91]
	at java.lang.reflect.Method.invoke(Method.java:498) ~[na:1.8.0_91]
	at org.apache.ibatis.plugin.Invocation.proceed(Invocation.java:49) ~[mybatis-3.5.7.jar:3.5.7]
	at com.baomidou.mybatisplus.extension.plugins.MybatisPlusInterceptor.intercept(MybatisPlusInterceptor.java:106) ~[mybatis-plus-extension-3.4.3.jar:3.4.3]
	at org.apache.ibatis.plugin.Plugin.invoke(Plugin.java:62) ~[mybatis-3.5.7.jar:3.5.7]
	at com.sun.proxy.$Proxy138.update(Unknown Source) ~[na:na]
	at org.apache.ibatis.session.defaults.DefaultSqlSession.update(DefaultSqlSession.java:194) ~[mybatis-3.5.7.jar:3.5.7]
	at com.baomidou.mybatisplus.extension.service.impl.ServiceImpl.lambda$updateBatchById$3(ServiceImpl.java:203) ~[mybatis-plus-extension-3.4.3.jar:3.4.3]
	at com.baomidou.mybatisplus.extension.toolkit.SqlHelper.lambda$executeBatch$1(SqlHelper.java:208) ~[mybatis-plus-extension-3.4.3.jar:3.4.3]
	at com.baomidou.mybatisplus.extension.toolkit.SqlHelper.executeBatch(SqlHelper.java:169) ~[mybatis-plus-extension-3.4.3.jar:3.4.3]
	... 33 common frames omitted
Caused by: java.lang.IllegalArgumentException: argument type mismatch
	at sun.reflect.NativeMethodAccessorImpl.invoke0(Native Method) ~[na:1.8.0_91]
	at sun.reflect.NativeMethodAccessorImpl.invoke(NativeMethodAccessorImpl.java:62) ~[na:1.8.0_91]
	at sun.reflect.DelegatingMethodAccessorImpl.invoke(DelegatingMethodAccessorImpl.java:43) ~[na:1.8.0_91]
	at java.lang.reflect.Method.invoke(Method.java:498) ~[na:1.8.0_91]
	at org.apache.ibatis.reflection.invoker.MethodInvoker.invoke(MethodInvoker.java:44) ~[mybatis-3.5.7.jar:3.5.7]
	at org.apache.ibatis.reflection.wrapper.BeanWrapper.setBeanProperty(BeanWrapper.java:180) ~[mybatis-3.5.7.jar:3.5.7]
	... 63 common frames omitted

2025-04-30 22:20:00.540  WARN 28548 --- [http-nio-7777-exec-5] com.hgd.aspect.LogAspect                 : getCategoryList执行参数：[]
2025-04-30 22:20:00.541  WARN 28548 --- [http-nio-7777-exec-6] com.hgd.aspect.LogAspect                 : hotArticleList执行参数：[]
2025-04-30 22:20:00.543  WARN 28548 --- [http-nio-7777-exec-2] com.hgd.aspect.LogAspect                 : articleList执行参数：[1, 1, 10]
2025-04-30 22:20:00.548  WARN 28548 --- [http-nio-7777-exec-6] com.hgd.aspect.LogAspect                 : hotArticleList返回值：{"code":200,"data":[{"id":"2","title":"JavaWeb之过滤器Filter","viewCount":"1155"},{"id":"1","title":"SpringBoot框架精讲1","viewCount":"439"},{"id":"14","title":"SpringBoot框架精讲测试修改","viewCount":"439"},{"id":"3","title":"C++起源","viewCount":"122"},{"id":"4","title":"Go语言超全详解","viewCount":"12"}],"msg":"操作成功"}
2025-04-30 22:20:00.554  WARN 28548 --- [http-nio-7777-exec-5] com.hgd.aspect.LogAspect                 : getCategoryList返回值：{"code":200,"data":[{"id":"1","name":"java"},{"id":"2","name":"C++"},{"id":"3","name":"go"}],"msg":"操作成功"}
2025-04-30 22:20:00.557  WARN 28548 --- [http-nio-7777-exec-2] com.hgd.aspect.LogAspect                 : articleList返回值：{"code":200,"data":{"total":3,"rows":[{"categoryId":"1","categoryName":"java","createTime":1685604841000,"id":"1","summary":"springboot是spring家族中的一个全新框架","thumbnail":"https://img2.baidu.com/it/u=389128121,3560765504&fm=253&fmt=auto&app=120&f=JPEG?w=1422&h=800","title":"SpringBoot框架精讲1","viewCount":"439"},{"categoryId":"1","categoryName":"java","createTime":1686728046000,"id":"2","summary":"Filter是JavaWeb三大组件之一","thumbnail":"https://img2.baidu.com/it/u=389128121,3560765504&fm=253&fmt=auto&app=120&f=JPEG?w=1422&h=800","title":"JavaWeb之过滤器Filter","viewCount":"1155"},{"categoryId":"1","categoryName":"java","createTime":1722605425000,"id":"14","summary":"springboot是spring家族中的一个全新框架","thumbnail":"https://img2.baidu.com/it/u=389128121,3560765504&fm=253&fmt=auto&app=120&f=JPEG?w=1422&h=800","title":"SpringBoot框架精讲测试修改","viewCount":"439"}]},"msg":"操作成功"}
2025-04-30 22:20:04.017  WARN 28548 --- [http-nio-7777-exec-3] com.hgd.aspect.LogAspect                 : getCategoryList执行参数：[]
2025-04-30 22:20:04.024  WARN 28548 --- [http-nio-7777-exec-3] com.hgd.aspect.LogAspect                 : getCategoryList返回值：{"code":200,"data":[{"id":"1","name":"java"},{"id":"2","name":"C++"},{"id":"3","name":"go"}],"msg":"操作成功"}
2025-04-30 22:20:12.381  WARN 28548 --- [http-nio-7777-exec-9] com.hgd.aspect.LogAspect                 : getCategoryList执行参数：[]
2025-04-30 22:20:12.381  WARN 28548 --- [http-nio-7777-exec-10] com.hgd.aspect.LogAspect                 : hotArticleList执行参数：[]
2025-04-30 22:20:12.382  WARN 28548 --- [http-nio-7777-exec-4] com.hgd.aspect.LogAspect                 : articleList执行参数：[0, 1, 10]
2025-04-30 22:20:12.388  WARN 28548 --- [http-nio-7777-exec-9] com.hgd.aspect.LogAspect                 : getCategoryList返回值：{"code":200,"data":[{"id":"1","name":"java"},{"id":"2","name":"C++"},{"id":"3","name":"go"}],"msg":"操作成功"}
2025-04-30 22:20:12.388  WARN 28548 --- [http-nio-7777-exec-10] com.hgd.aspect.LogAspect                 : hotArticleList返回值：{"code":200,"data":[{"id":"2","title":"JavaWeb之过滤器Filter","viewCount":"1155"},{"id":"1","title":"SpringBoot框架精讲1","viewCount":"439"},{"id":"14","title":"SpringBoot框架精讲测试修改","viewCount":"439"},{"id":"3","title":"C++起源","viewCount":"122"},{"id":"4","title":"Go语言超全详解","viewCount":"12"}],"msg":"操作成功"}
2025-04-30 22:20:12.416  WARN 28548 --- [http-nio-7777-exec-4] com.hgd.aspect.LogAspect                 : articleList返回值：{"code":200,"data":{"total":"7","rows":[{"categoryId":"1","categoryName":"java","createTime":1685604841000,"id":"1","summary":"springboot是spring家族中的一个全新框架","thumbnail":"https://img2.baidu.com/it/u=389128121,3560765504&fm=253&fmt=auto&app=120&f=JPEG?w=1422&h=800","title":"SpringBoot框架精讲1","viewCount":"439"},{"categoryId":"1","categoryName":"java","createTime":1686728046000,"id":"2","summary":"Filter是JavaWeb三大组件之一","thumbnail":"https://img2.baidu.com/it/u=389128121,3560765504&fm=253&fmt=auto&app=120&f=JPEG?w=1422&h=800","title":"JavaWeb之过滤器Filter","viewCount":"1156"},{"categoryId":"2","categoryName":"C++","createTime":1685604849000,"id":"3","summary":"贝尔实验室20世纪80年代(1979)","thumbnail":"https://img2.baidu.com/it/u=389128121,3560765504&fm=253&fmt=auto&app=120&f=JPEG?w=1422&h=800","title":"C++起源","viewCount":"122"},{"categoryId":"1","categoryName":"java","createTime":1722605425000,"id":"14","summary":"springboot是spring家族中的一个全新框架","thumbnail":"https://img2.baidu.com/it/u=389128121,3560765504&fm=253&fmt=auto&app=120&f=JPEG?w=1422&h=800","title":"SpringBoot框架精讲测试修改","viewCount":"439"},{"categoryId":"3","categoryName":"go","createTime":1687937652000,"id":"4","summary":"在具体学习go语言的基础语法之前，我们来了解一下go语言出现的时机及其特点。","thumbnail":"https://img2.baidu.com/it/u=389128121,3560765504&fm=253&fmt=auto&app=120&f=JPEG?w=1422&h=800","title":"Go语言超全详解","viewCount":"12"},{"categoryId":"2","categoryName":"C++","createTime":1687113706000,"id":"8","summary":"6月17日是世界防治荒漠化和干旱日。习近平总书记不久前在内蒙古自治区巴彦淖尔市考察","thumbnail":"https://img2.baidu.com/it/u=389128121,3560765504&fm=253&fmt=auto&app=120&f=JPEG?w=1422&h=800","title":"焦点访谈丨根植沙海的绿色梦","viewCount":"0"},{"categoryId":"3","categoryName":"go","createTime":1722600908000,"id":"12","summary":"啊啊啊啊啊啊","thumbnail":"http://shhofr2a9.hn-bkt.clouddn.com/bd30a888-3fca-4df4-a7ff-4177e723e547","title":"测试","viewCount":"3"}]},"msg":"操作成功"}
2025-04-30 22:20:25.103  WARN 28548 --- [http-nio-7777-exec-6] com.hgd.aspect.LogAspect                 : getCategoryList执行参数：[]
2025-04-30 22:20:25.111  WARN 28548 --- [http-nio-7777-exec-6] com.hgd.aspect.LogAspect                 : getCategoryList返回值：{"code":200,"data":[{"id":"1","name":"java"},{"id":"2","name":"C++"},{"id":"3","name":"go"}],"msg":"操作成功"}
2025-04-30 22:20:35.836  WARN 28548 --- [http-nio-7777-exec-5] com.hgd.aspect.LogAspect                 : getCategoryList执行参数：[]
2025-04-30 22:20:35.837  WARN 28548 --- [http-nio-7777-exec-2] com.hgd.aspect.LogAspect                 : articleList执行参数：[0, 1, 10]
2025-04-30 22:20:35.837  WARN 28548 --- [http-nio-7777-exec-7] com.hgd.aspect.LogAspect                 : hotArticleList执行参数：[]
2025-04-30 22:20:35.842  WARN 28548 --- [http-nio-7777-exec-7] com.hgd.aspect.LogAspect                 : hotArticleList返回值：{"code":200,"data":[{"id":"2","title":"JavaWeb之过滤器Filter","viewCount":"1155"},{"id":"1","title":"SpringBoot框架精讲1","viewCount":"439"},{"id":"14","title":"SpringBoot框架精讲测试修改","viewCount":"439"},{"id":"3","title":"C++起源","viewCount":"122"},{"id":"4","title":"Go语言超全详解","viewCount":"12"}],"msg":"操作成功"}
2025-04-30 22:20:35.844  WARN 28548 --- [http-nio-7777-exec-5] com.hgd.aspect.LogAspect                 : getCategoryList返回值：{"code":200,"data":[{"id":"1","name":"java"},{"id":"2","name":"C++"},{"id":"3","name":"go"}],"msg":"操作成功"}
2025-04-30 22:20:35.873  WARN 28548 --- [http-nio-7777-exec-2] com.hgd.aspect.LogAspect                 : articleList返回值：{"code":200,"data":{"total":"7","rows":[{"categoryId":"1","categoryName":"java","createTime":1685604841000,"id":"1","summary":"springboot是spring家族中的一个全新框架","thumbnail":"https://img2.baidu.com/it/u=389128121,3560765504&fm=253&fmt=auto&app=120&f=JPEG?w=1422&h=800","title":"SpringBoot框架精讲1","viewCount":"439"},{"categoryId":"1","categoryName":"java","createTime":1686728046000,"id":"2","summary":"Filter是JavaWeb三大组件之一","thumbnail":"https://img2.baidu.com/it/u=389128121,3560765504&fm=253&fmt=auto&app=120&f=JPEG?w=1422&h=800","title":"JavaWeb之过滤器Filter","viewCount":"1156"},{"categoryId":"2","categoryName":"C++","createTime":1685604849000,"id":"3","summary":"贝尔实验室20世纪80年代(1979)","thumbnail":"https://img2.baidu.com/it/u=389128121,3560765504&fm=253&fmt=auto&app=120&f=JPEG?w=1422&h=800","title":"C++起源","viewCount":"122"},{"categoryId":"1","categoryName":"java","createTime":1722605425000,"id":"14","summary":"springboot是spring家族中的一个全新框架","thumbnail":"https://img2.baidu.com/it/u=389128121,3560765504&fm=253&fmt=auto&app=120&f=JPEG?w=1422&h=800","title":"SpringBoot框架精讲测试修改","viewCount":"439"},{"categoryId":"3","categoryName":"go","createTime":1687937652000,"id":"4","summary":"在具体学习go语言的基础语法之前，我们来了解一下go语言出现的时机及其特点。","thumbnail":"https://img2.baidu.com/it/u=389128121,3560765504&fm=253&fmt=auto&app=120&f=JPEG?w=1422&h=800","title":"Go语言超全详解","viewCount":"12"},{"categoryId":"2","categoryName":"C++","createTime":1687113706000,"id":"8","summary":"6月17日是世界防治荒漠化和干旱日。习近平总书记不久前在内蒙古自治区巴彦淖尔市考察","thumbnail":"https://img2.baidu.com/it/u=389128121,3560765504&fm=253&fmt=auto&app=120&f=JPEG?w=1422&h=800","title":"焦点访谈丨根植沙海的绿色梦","viewCount":"0"},{"categoryId":"3","categoryName":"go","createTime":1722600908000,"id":"12","summary":"啊啊啊啊啊啊","thumbnail":"http://shhofr2a9.hn-bkt.clouddn.com/bd30a888-3fca-4df4-a7ff-4177e723e547","title":"测试","viewCount":"3"}]},"msg":"操作成功"}
2025-04-30 22:20:39.131  WARN 28548 --- [http-nio-7777-exec-1] com.hgd.aspect.LogAspect                 : getCategoryList执行参数：[]
2025-04-30 22:20:39.137  WARN 28548 --- [http-nio-7777-exec-1] com.hgd.aspect.LogAspect                 : getCategoryList返回值：{"code":200,"data":[{"id":"1","name":"java"},{"id":"2","name":"C++"},{"id":"3","name":"go"}],"msg":"操作成功"}
2025-04-30 22:20:44.861  WARN 28548 --- [http-nio-7777-exec-10] com.hgd.aspect.LogAspect                 : getCategoryList执行参数：[]
2025-04-30 22:20:44.861  WARN 28548 --- [http-nio-7777-exec-4] com.hgd.aspect.LogAspect                 : hotArticleList执行参数：[]
2025-04-30 22:20:44.861  WARN 28548 --- [http-nio-7777-exec-9] com.hgd.aspect.LogAspect                 : articleList执行参数：[0, 1, 10]
2025-04-30 22:20:44.870  WARN 28548 --- [http-nio-7777-exec-4] com.hgd.aspect.LogAspect                 : hotArticleList返回值：{"code":200,"data":[{"id":"2","title":"JavaWeb之过滤器Filter","viewCount":"1155"},{"id":"1","title":"SpringBoot框架精讲1","viewCount":"439"},{"id":"14","title":"SpringBoot框架精讲测试修改","viewCount":"439"},{"id":"3","title":"C++起源","viewCount":"122"},{"id":"4","title":"Go语言超全详解","viewCount":"12"}],"msg":"操作成功"}
2025-04-30 22:20:44.871  WARN 28548 --- [http-nio-7777-exec-10] com.hgd.aspect.LogAspect                 : getCategoryList返回值：{"code":200,"data":[{"id":"1","name":"java"},{"id":"2","name":"C++"},{"id":"3","name":"go"}],"msg":"操作成功"}
2025-04-30 22:20:44.897  WARN 28548 --- [http-nio-7777-exec-9] com.hgd.aspect.LogAspect                 : articleList返回值：{"code":200,"data":{"total":"7","rows":[{"categoryId":"1","categoryName":"java","createTime":1685604841000,"id":"1","summary":"springboot是spring家族中的一个全新框架","thumbnail":"https://img2.baidu.com/it/u=389128121,3560765504&fm=253&fmt=auto&app=120&f=JPEG?w=1422&h=800","title":"SpringBoot框架精讲1","viewCount":"439"},{"categoryId":"1","categoryName":"java","createTime":1686728046000,"id":"2","summary":"Filter是JavaWeb三大组件之一","thumbnail":"https://img2.baidu.com/it/u=389128121,3560765504&fm=253&fmt=auto&app=120&f=JPEG?w=1422&h=800","title":"JavaWeb之过滤器Filter","viewCount":"1156"},{"categoryId":"2","categoryName":"C++","createTime":1685604849000,"id":"3","summary":"贝尔实验室20世纪80年代(1979)","thumbnail":"https://img2.baidu.com/it/u=389128121,3560765504&fm=253&fmt=auto&app=120&f=JPEG?w=1422&h=800","title":"C++起源","viewCount":"122"},{"categoryId":"1","categoryName":"java","createTime":1722605425000,"id":"14","summary":"springboot是spring家族中的一个全新框架","thumbnail":"https://img2.baidu.com/it/u=389128121,3560765504&fm=253&fmt=auto&app=120&f=JPEG?w=1422&h=800","title":"SpringBoot框架精讲测试修改","viewCount":"439"},{"categoryId":"3","categoryName":"go","createTime":1687937652000,"id":"4","summary":"在具体学习go语言的基础语法之前，我们来了解一下go语言出现的时机及其特点。","thumbnail":"https://img2.baidu.com/it/u=389128121,3560765504&fm=253&fmt=auto&app=120&f=JPEG?w=1422&h=800","title":"Go语言超全详解","viewCount":"12"},{"categoryId":"2","categoryName":"C++","createTime":1687113706000,"id":"8","summary":"6月17日是世界防治荒漠化和干旱日。习近平总书记不久前在内蒙古自治区巴彦淖尔市考察","thumbnail":"https://img2.baidu.com/it/u=389128121,3560765504&fm=253&fmt=auto&app=120&f=JPEG?w=1422&h=800","title":"焦点访谈丨根植沙海的绿色梦","viewCount":"0"},{"categoryId":"3","categoryName":"go","createTime":1722600908000,"id":"12","summary":"啊啊啊啊啊啊","thumbnail":"http://shhofr2a9.hn-bkt.clouddn.com/bd30a888-3fca-4df4-a7ff-4177e723e547","title":"测试","viewCount":"3"}]},"msg":"操作成功"}
2025-04-30 22:20:51.954  WARN 28548 --- [http-nio-7777-exec-6] com.hgd.aspect.LogAspect                 : getCategoryList执行参数：[]
2025-04-30 22:20:51.963  WARN 28548 --- [http-nio-7777-exec-6] com.hgd.aspect.LogAspect                 : getCategoryList返回值：{"code":200,"data":[{"id":"1","name":"java"},{"id":"2","name":"C++"},{"id":"3","name":"go"}],"msg":"操作成功"}
2025-04-30 22:20:57.782  WARN 28548 --- [http-nio-7777-exec-5] com.hgd.aspect.LogAspect                 : userInfo执行参数：[UserVo(avatar=null, email=222222222@qq.com, id=5, nickName=sb, sex=0)]
2025-04-30 22:20:57.801  WARN 28548 --- [http-nio-7777-exec-5] com.hgd.aspect.LogAspect                 : userInfo返回值：{"code":200,"msg":"操作成功"}
2025-04-30 22:22:29.433  WARN 28548 --- [http-nio-7777-exec-9] com.hgd.aspect.LogAspect                 : getCategoryList执行参数：[]
2025-04-30 22:22:29.441  WARN 28548 --- [http-nio-7777-exec-9] com.hgd.aspect.LogAspect                 : getCategoryList返回值：{"code":200,"data":[{"id":"1","name":"java"},{"id":"2","name":"C++"},{"id":"3","name":"go"}],"msg":"操作成功"}
2025-04-30 22:22:38.807  WARN 28548 --- [http-nio-7777-exec-6] com.hgd.aspect.LogAspect                 : getCategoryList执行参数：[]
2025-04-30 22:22:38.809  WARN 28548 --- [http-nio-7777-exec-7] com.hgd.aspect.LogAspect                 : hotArticleList执行参数：[]
2025-04-30 22:22:38.811  WARN 28548 --- [http-nio-7777-exec-8] com.hgd.aspect.LogAspect                 : articleList执行参数：[0, 1, 10]
2025-04-30 22:22:38.814  WARN 28548 --- [http-nio-7777-exec-7] com.hgd.aspect.LogAspect                 : hotArticleList返回值：{"code":200,"data":[{"id":"2","title":"JavaWeb之过滤器Filter","viewCount":"1155"},{"id":"1","title":"SpringBoot框架精讲1","viewCount":"439"},{"id":"14","title":"SpringBoot框架精讲测试修改","viewCount":"439"},{"id":"3","title":"C++起源","viewCount":"122"},{"id":"4","title":"Go语言超全详解","viewCount":"12"}],"msg":"操作成功"}
2025-04-30 22:22:38.815  WARN 28548 --- [http-nio-7777-exec-6] com.hgd.aspect.LogAspect                 : getCategoryList返回值：{"code":200,"data":[{"id":"1","name":"java"},{"id":"2","name":"C++"},{"id":"3","name":"go"}],"msg":"操作成功"}
2025-04-30 22:22:38.836  WARN 28548 --- [http-nio-7777-exec-8] com.hgd.aspect.LogAspect                 : articleList返回值：{"code":200,"data":{"total":"7","rows":[{"categoryId":"1","categoryName":"java","createTime":1685604841000,"id":"1","summary":"springboot是spring家族中的一个全新框架","thumbnail":"https://img2.baidu.com/it/u=389128121,3560765504&fm=253&fmt=auto&app=120&f=JPEG?w=1422&h=800","title":"SpringBoot框架精讲1","viewCount":"439"},{"categoryId":"1","categoryName":"java","createTime":1686728046000,"id":"2","summary":"Filter是JavaWeb三大组件之一","thumbnail":"https://img2.baidu.com/it/u=389128121,3560765504&fm=253&fmt=auto&app=120&f=JPEG?w=1422&h=800","title":"JavaWeb之过滤器Filter","viewCount":"1156"},{"categoryId":"2","categoryName":"C++","createTime":1685604849000,"id":"3","summary":"贝尔实验室20世纪80年代(1979)","thumbnail":"https://img2.baidu.com/it/u=389128121,3560765504&fm=253&fmt=auto&app=120&f=JPEG?w=1422&h=800","title":"C++起源","viewCount":"122"},{"categoryId":"1","categoryName":"java","createTime":1722605425000,"id":"14","summary":"springboot是spring家族中的一个全新框架","thumbnail":"https://img2.baidu.com/it/u=389128121,3560765504&fm=253&fmt=auto&app=120&f=JPEG?w=1422&h=800","title":"SpringBoot框架精讲测试修改","viewCount":"439"},{"categoryId":"3","categoryName":"go","createTime":1687937652000,"id":"4","summary":"在具体学习go语言的基础语法之前，我们来了解一下go语言出现的时机及其特点。","thumbnail":"https://img2.baidu.com/it/u=389128121,3560765504&fm=253&fmt=auto&app=120&f=JPEG?w=1422&h=800","title":"Go语言超全详解","viewCount":"12"},{"categoryId":"2","categoryName":"C++","createTime":1687113706000,"id":"8","summary":"6月17日是世界防治荒漠化和干旱日。习近平总书记不久前在内蒙古自治区巴彦淖尔市考察","thumbnail":"https://img2.baidu.com/it/u=389128121,3560765504&fm=253&fmt=auto&app=120&f=JPEG?w=1422&h=800","title":"焦点访谈丨根植沙海的绿色梦","viewCount":"0"},{"categoryId":"3","categoryName":"go","createTime":1722600908000,"id":"12","summary":"啊啊啊啊啊啊","thumbnail":"http://shhofr2a9.hn-bkt.clouddn.com/bd30a888-3fca-4df4-a7ff-4177e723e547","title":"测试","viewCount":"3"}]},"msg":"操作成功"}
2025-04-30 22:29:40.212  WARN 28548 --- [http-nio-7777-exec-4] com.hgd.aspect.LogAspect                 : getCategoryList执行参数：[]
2025-04-30 22:29:40.216  WARN 28548 --- [http-nio-7777-exec-4] com.hgd.aspect.LogAspect                 : getCategoryList返回值：{"code":200,"data":[{"id":"1","name":"java"},{"id":"2","name":"C++"},{"id":"3","name":"go"}],"msg":"操作成功"}
2025-04-30 22:30:00.009 ERROR 28548 --- [scheduling-1] o.s.s.s.TaskUtils$LoggingErrorHandler    : Unexpected error occurred in scheduled task

org.mybatis.spring.MyBatisSystemException: nested exception is org.apache.ibatis.reflection.ReflectionException: Could not set property 'updateBy' of 'class com.hgd.pojo.Article' with value '-1' Cause: java.lang.IllegalArgumentException: argument type mismatch
	at org.mybatis.spring.MyBatisExceptionTranslator.translateExceptionIfPossible(MyBatisExceptionTranslator.java:96) ~[mybatis-spring-2.0.6.jar:2.0.6]
	at com.baomidou.mybatisplus.extension.toolkit.SqlHelper.executeBatch(SqlHelper.java:179) ~[mybatis-plus-extension-3.4.3.jar:3.4.3]
	at com.baomidou.mybatisplus.extension.toolkit.SqlHelper.executeBatch(SqlHelper.java:204) ~[mybatis-plus-extension-3.4.3.jar:3.4.3]
	at com.baomidou.mybatisplus.extension.service.impl.ServiceImpl.executeBatch(ServiceImpl.java:248) ~[mybatis-plus-extension-3.4.3.jar:3.4.3]
	at com.baomidou.mybatisplus.extension.service.impl.ServiceImpl.updateBatchById(ServiceImpl.java:200) ~[mybatis-plus-extension-3.4.3.jar:3.4.3]
	at com.baomidou.mybatisplus.extension.service.IService.updateBatchById(IService.java:177) ~[mybatis-plus-extension-3.4.3.jar:3.4.3]
	at com.baomidou.mybatisplus.extension.service.IService$$FastClassBySpringCGLIB$$f8525d18.invoke(<generated>) ~[mybatis-plus-extension-3.4.3.jar:3.4.3]
	at org.springframework.cglib.proxy.MethodProxy.invoke(MethodProxy.java:218) ~[spring-core-5.2.9.RELEASE.jar:5.2.9.RELEASE]
	at org.springframework.aop.framework.CglibAopProxy$CglibMethodInvocation.invokeJoinpoint(CglibAopProxy.java:771) ~[spring-aop-5.2.9.RELEASE.jar:5.2.9.RELEASE]
	at org.springframework.aop.framework.ReflectiveMethodInvocation.proceed(ReflectiveMethodInvocation.java:163) ~[spring-aop-5.2.9.RELEASE.jar:5.2.9.RELEASE]
	at org.springframework.aop.framework.CglibAopProxy$CglibMethodInvocation.proceed(CglibAopProxy.java:749) ~[spring-aop-5.2.9.RELEASE.jar:5.2.9.RELEASE]
	at org.springframework.transaction.interceptor.TransactionAspectSupport.invokeWithinTransaction(TransactionAspectSupport.java:367) ~[spring-tx-5.2.9.RELEASE.jar:5.2.9.RELEASE]
	at org.springframework.transaction.interceptor.TransactionInterceptor.invoke(TransactionInterceptor.java:118) ~[spring-tx-5.2.9.RELEASE.jar:5.2.9.RELEASE]
	at org.springframework.aop.framework.ReflectiveMethodInvocation.proceed(ReflectiveMethodInvocation.java:186) ~[spring-aop-5.2.9.RELEASE.jar:5.2.9.RELEASE]
	at org.springframework.aop.framework.CglibAopProxy$CglibMethodInvocation.proceed(CglibAopProxy.java:749) ~[spring-aop-5.2.9.RELEASE.jar:5.2.9.RELEASE]
	at org.springframework.aop.interceptor.ExposeInvocationInterceptor.invoke(ExposeInvocationInterceptor.java:95) ~[spring-aop-5.2.9.RELEASE.jar:5.2.9.RELEASE]
	at org.springframework.aop.framework.ReflectiveMethodInvocation.proceed(ReflectiveMethodInvocation.java:186) ~[spring-aop-5.2.9.RELEASE.jar:5.2.9.RELEASE]
	at org.springframework.aop.framework.CglibAopProxy$CglibMethodInvocation.proceed(CglibAopProxy.java:749) ~[spring-aop-5.2.9.RELEASE.jar:5.2.9.RELEASE]
	at org.springframework.aop.framework.CglibAopProxy$DynamicAdvisedInterceptor.intercept(CglibAopProxy.java:691) ~[spring-aop-5.2.9.RELEASE.jar:5.2.9.RELEASE]
	at com.hgd.service.impl.ArticleServiceImpl$$EnhancerBySpringCGLIB$$57b22ae3.updateBatchById(<generated>) ~[classes/:na]
	at com.hgd.cron.ViewCountUpCron.viewCountUp(ViewCountUpCron.java:35) ~[classes/:na]
	at sun.reflect.NativeMethodAccessorImpl.invoke0(Native Method) ~[na:1.8.0_91]
	at sun.reflect.NativeMethodAccessorImpl.invoke(NativeMethodAccessorImpl.java:62) ~[na:1.8.0_91]
	at sun.reflect.DelegatingMethodAccessorImpl.invoke(DelegatingMethodAccessorImpl.java:43) ~[na:1.8.0_91]
	at java.lang.reflect.Method.invoke(Method.java:498) ~[na:1.8.0_91]
	at org.springframework.scheduling.support.ScheduledMethodRunnable.run(ScheduledMethodRunnable.java:84) ~[spring-context-5.2.9.RELEASE.jar:5.2.9.RELEASE]
	at org.springframework.scheduling.support.DelegatingErrorHandlingRunnable.run(DelegatingErrorHandlingRunnable.java:54) ~[spring-context-5.2.9.RELEASE.jar:5.2.9.RELEASE]
	at org.springframework.scheduling.concurrent.ReschedulingRunnable.run(ReschedulingRunnable.java:93) [spring-context-5.2.9.RELEASE.jar:5.2.9.RELEASE]
	at java.util.concurrent.Executors$RunnableAdapter.call(Executors.java:511) [na:1.8.0_91]
	at java.util.concurrent.FutureTask.run(FutureTask.java:266) [na:1.8.0_91]
	at java.util.concurrent.ScheduledThreadPoolExecutor$ScheduledFutureTask.access$201(ScheduledThreadPoolExecutor.java:180) [na:1.8.0_91]
	at java.util.concurrent.ScheduledThreadPoolExecutor$ScheduledFutureTask.run(ScheduledThreadPoolExecutor.java:293) [na:1.8.0_91]
	at java.util.concurrent.ThreadPoolExecutor.runWorker(ThreadPoolExecutor.java:1142) [na:1.8.0_91]
	at java.util.concurrent.ThreadPoolExecutor$Worker.run(ThreadPoolExecutor.java:617) [na:1.8.0_91]
	at java.lang.Thread.run(Thread.java:745) [na:1.8.0_91]
Caused by: org.apache.ibatis.reflection.ReflectionException: Could not set property 'updateBy' of 'class com.hgd.pojo.Article' with value '-1' Cause: java.lang.IllegalArgumentException: argument type mismatch
	at org.apache.ibatis.reflection.wrapper.BeanWrapper.setBeanProperty(BeanWrapper.java:185) ~[mybatis-3.5.7.jar:3.5.7]
	at org.apache.ibatis.reflection.wrapper.BeanWrapper.set(BeanWrapper.java:59) ~[mybatis-3.5.7.jar:3.5.7]
	at org.apache.ibatis.reflection.MetaObject.setValue(MetaObject.java:140) ~[mybatis-3.5.7.jar:3.5.7]
	at com.hgd.handler.AutoDataHandler.updateFill(AutoDataHandler.java:33) ~[classes/:na]
	at com.baomidou.mybatisplus.core.MybatisParameterHandler.lambda$updateFill$1(MybatisParameterHandler.java:154) ~[mybatis-plus-core-3.4.3.jar:3.4.3]
	at java.util.Optional.ifPresent(Optional.java:159) ~[na:1.8.0_91]
	at com.baomidou.mybatisplus.core.MybatisParameterHandler.updateFill(MybatisParameterHandler.java:152) ~[mybatis-plus-core-3.4.3.jar:3.4.3]
	at com.baomidou.mybatisplus.core.MybatisParameterHandler.process(MybatisParameterHandler.java:115) ~[mybatis-plus-core-3.4.3.jar:3.4.3]
	at com.baomidou.mybatisplus.core.MybatisParameterHandler.processParameter(MybatisParameterHandler.java:81) ~[mybatis-plus-core-3.4.3.jar:3.4.3]
	at com.baomidou.mybatisplus.core.MybatisParameterHandler.<init>(MybatisParameterHandler.java:64) ~[mybatis-plus-core-3.4.3.jar:3.4.3]
	at com.baomidou.mybatisplus.core.MybatisXMLLanguageDriver.createParameterHandler(MybatisXMLLanguageDriver.java:45) ~[mybatis-plus-core-3.4.3.jar:3.4.3]
	at org.apache.ibatis.session.Configuration.newParameterHandler(Configuration.java:645) ~[mybatis-3.5.7.jar:3.5.7]
	at org.apache.ibatis.executor.statement.BaseStatementHandler.<init>(BaseStatementHandler.java:69) ~[mybatis-3.5.7.jar:3.5.7]
	at org.apache.ibatis.executor.statement.PreparedStatementHandler.<init>(PreparedStatementHandler.java:41) ~[mybatis-3.5.7.jar:3.5.7]
	at org.apache.ibatis.executor.statement.RoutingStatementHandler.<init>(RoutingStatementHandler.java:46) ~[mybatis-3.5.7.jar:3.5.7]
	at org.apache.ibatis.session.Configuration.newStatementHandler(Configuration.java:658) ~[mybatis-3.5.7.jar:3.5.7]
	at org.apache.ibatis.executor.BatchExecutor.doUpdate(BatchExecutor.java:57) ~[mybatis-3.5.7.jar:3.5.7]
	at org.apache.ibatis.executor.BaseExecutor.update(BaseExecutor.java:117) ~[mybatis-3.5.7.jar:3.5.7]
	at org.apache.ibatis.executor.CachingExecutor.update(CachingExecutor.java:76) ~[mybatis-3.5.7.jar:3.5.7]
	at sun.reflect.NativeMethodAccessorImpl.invoke0(Native Method) ~[na:1.8.0_91]
	at sun.reflect.NativeMethodAccessorImpl.invoke(NativeMethodAccessorImpl.java:62) ~[na:1.8.0_91]
	at sun.reflect.DelegatingMethodAccessorImpl.invoke(DelegatingMethodAccessorImpl.java:43) ~[na:1.8.0_91]
	at java.lang.reflect.Method.invoke(Method.java:498) ~[na:1.8.0_91]
	at org.apache.ibatis.plugin.Invocation.proceed(Invocation.java:49) ~[mybatis-3.5.7.jar:3.5.7]
	at com.baomidou.mybatisplus.extension.plugins.MybatisPlusInterceptor.intercept(MybatisPlusInterceptor.java:106) ~[mybatis-plus-extension-3.4.3.jar:3.4.3]
	at org.apache.ibatis.plugin.Plugin.invoke(Plugin.java:62) ~[mybatis-3.5.7.jar:3.5.7]
	at com.sun.proxy.$Proxy138.update(Unknown Source) ~[na:na]
	at org.apache.ibatis.session.defaults.DefaultSqlSession.update(DefaultSqlSession.java:194) ~[mybatis-3.5.7.jar:3.5.7]
	at com.baomidou.mybatisplus.extension.service.impl.ServiceImpl.lambda$updateBatchById$3(ServiceImpl.java:203) ~[mybatis-plus-extension-3.4.3.jar:3.4.3]
	at com.baomidou.mybatisplus.extension.toolkit.SqlHelper.lambda$executeBatch$1(SqlHelper.java:208) ~[mybatis-plus-extension-3.4.3.jar:3.4.3]
	at com.baomidou.mybatisplus.extension.toolkit.SqlHelper.executeBatch(SqlHelper.java:169) ~[mybatis-plus-extension-3.4.3.jar:3.4.3]
	... 33 common frames omitted
Caused by: java.lang.IllegalArgumentException: argument type mismatch
	at sun.reflect.NativeMethodAccessorImpl.invoke0(Native Method) ~[na:1.8.0_91]
	at sun.reflect.NativeMethodAccessorImpl.invoke(NativeMethodAccessorImpl.java:62) ~[na:1.8.0_91]
	at sun.reflect.DelegatingMethodAccessorImpl.invoke(DelegatingMethodAccessorImpl.java:43) ~[na:1.8.0_91]
	at java.lang.reflect.Method.invoke(Method.java:498) ~[na:1.8.0_91]
	at org.apache.ibatis.reflection.invoker.MethodInvoker.invoke(MethodInvoker.java:44) ~[mybatis-3.5.7.jar:3.5.7]
	at org.apache.ibatis.reflection.wrapper.BeanWrapper.setBeanProperty(BeanWrapper.java:180) ~[mybatis-3.5.7.jar:3.5.7]
	... 63 common frames omitted

2025-04-30 22:30:31.160  WARN 28548 --- [http-nio-7777-exec-9] com.hgd.aspect.LogAspect                 : getCategoryList执行参数：[]
2025-04-30 22:30:31.161  WARN 28548 --- [http-nio-7777-exec-10] com.hgd.aspect.LogAspect                 : articleList执行参数：[0, 1, 10]
2025-04-30 22:30:31.161  WARN 28548 --- [http-nio-7777-exec-6] com.hgd.aspect.LogAspect                 : hotArticleList执行参数：[]
2025-04-30 22:30:31.167  WARN 28548 --- [http-nio-7777-exec-6] com.hgd.aspect.LogAspect                 : hotArticleList返回值：{"code":200,"data":[{"id":"2","title":"JavaWeb之过滤器Filter","viewCount":"1155"},{"id":"1","title":"SpringBoot框架精讲1","viewCount":"439"},{"id":"14","title":"SpringBoot框架精讲测试修改","viewCount":"439"},{"id":"3","title":"C++起源","viewCount":"122"},{"id":"4","title":"Go语言超全详解","viewCount":"12"}],"msg":"操作成功"}
2025-04-30 22:30:31.171  WARN 28548 --- [http-nio-7777-exec-9] com.hgd.aspect.LogAspect                 : getCategoryList返回值：{"code":200,"data":[{"id":"1","name":"java"},{"id":"2","name":"C++"},{"id":"3","name":"go"}],"msg":"操作成功"}
2025-04-30 22:30:31.196  WARN 28548 --- [http-nio-7777-exec-10] com.hgd.aspect.LogAspect                 : articleList返回值：{"code":200,"data":{"total":"7","rows":[{"categoryId":"1","categoryName":"java","createTime":1685604841000,"id":"1","summary":"springboot是spring家族中的一个全新框架","thumbnail":"https://img2.baidu.com/it/u=389128121,3560765504&fm=253&fmt=auto&app=120&f=JPEG?w=1422&h=800","title":"SpringBoot框架精讲1","viewCount":"439"},{"categoryId":"1","categoryName":"java","createTime":1686728046000,"id":"2","summary":"Filter是JavaWeb三大组件之一","thumbnail":"https://img2.baidu.com/it/u=389128121,3560765504&fm=253&fmt=auto&app=120&f=JPEG?w=1422&h=800","title":"JavaWeb之过滤器Filter","viewCount":"1156"},{"categoryId":"2","categoryName":"C++","createTime":1685604849000,"id":"3","summary":"贝尔实验室20世纪80年代(1979)","thumbnail":"https://img2.baidu.com/it/u=389128121,3560765504&fm=253&fmt=auto&app=120&f=JPEG?w=1422&h=800","title":"C++起源","viewCount":"122"},{"categoryId":"1","categoryName":"java","createTime":1722605425000,"id":"14","summary":"springboot是spring家族中的一个全新框架","thumbnail":"https://img2.baidu.com/it/u=389128121,3560765504&fm=253&fmt=auto&app=120&f=JPEG?w=1422&h=800","title":"SpringBoot框架精讲测试修改","viewCount":"439"},{"categoryId":"3","categoryName":"go","createTime":1687937652000,"id":"4","summary":"在具体学习go语言的基础语法之前，我们来了解一下go语言出现的时机及其特点。","thumbnail":"https://img2.baidu.com/it/u=389128121,3560765504&fm=253&fmt=auto&app=120&f=JPEG?w=1422&h=800","title":"Go语言超全详解","viewCount":"12"},{"categoryId":"2","categoryName":"C++","createTime":1687113706000,"id":"8","summary":"6月17日是世界防治荒漠化和干旱日。习近平总书记不久前在内蒙古自治区巴彦淖尔市考察","thumbnail":"https://img2.baidu.com/it/u=389128121,3560765504&fm=253&fmt=auto&app=120&f=JPEG?w=1422&h=800","title":"焦点访谈丨根植沙海的绿色梦","viewCount":"0"},{"categoryId":"3","categoryName":"go","createTime":1722600908000,"id":"12","summary":"啊啊啊啊啊啊","thumbnail":"http://shhofr2a9.hn-bkt.clouddn.com/bd30a888-3fca-4df4-a7ff-4177e723e547","title":"测试","viewCount":"3"}]},"msg":"操作成功"}
